<?xml version="1.0" encoding="UTF-8" ?>
<testsuite errors="0" failures="0" hostname="NTJ" name="RingingCentreTest" skipped="0" tests="10" time="0.469" timestamp="2017-08-12T11:07:03">
  <properties>
[...]
</properties>
  <testcase classname="RingingCentreTest" name="hasHashMap" time="0.032" />
  <testcase classname="RingingCentreTest" name="emptyConstructor" time="0.018" />
  <testcase classname="RingingCentreTest" name="classPublic" time="0.0" />
  <testcase classname="RingingCentreTest" name="noRedundantVariables" time="0.0" />
  <testcase classname="RingingCentreTest" name="observeMethod" time="0.0" />
  <testcase classname="RingingCentreTest" name="observationsWorks" time="0.284" />
  <testcase classname="RingingCentreTest" name="observationsMethod" time="0.0" />
  <testcase classname="RingingCentreTest" name="observationsWorks2" time="0.0" />
  <testcase classname="RingingCentreTest" name="observationsWorks3" time="0.0" />
  <testcase classname="RingingCentreTest" name="observationsWorks4" time="0.0" />
  <system-out><![CDATA[]]></system-out>
  <system-err><![CDATA[]]></system-err>
</testsuite>
